<?xml version="1.0" encoding="UTF-8"?>
<testsuites name="Sign_Up" time="95.593" tests="7" failures="0" errors="0">
   <testsuite name="Sign_Up" tests="7" failures="0" errors="0" time="95.593" skipped="0" timestamp="2021-05-28 11:31:43" hostname="dell - DESKTOP-I6PT8CN.mshome.net" id="Test Suites/Sign_Up">
      <properties>
         <property name="deviceName" value=""/>
         <property name="devicePlatform" value=""/>
         <property name="logFolder" value="C:\\Users\\dell\\Katalon Studio\\Mattermost\\Reports\\20210528_113128\\Sign_Up\\20210528_113129"/>
         <property name="logFiles" value="C:\\Users\\dell\\Katalon Studio\\Mattermost\\Reports\\20210528_113128\\Sign_Up\\20210528_113129\\execution0.log"/>
         <property name="attachments" value=""/>
         <property name="hostName" value="dell - DESKTOP-I6PT8CN.mshome.net"/>
         <property name="os" value="Windows 10 64bit"/>
         <property name="katalonVersion" value="8.0.0.208"/>
         <property name="browser" value="Chrome 90.0.4430.212"/>
         <property name="hostAddress" value="172.21.96.1"/>
         <property name="sessionId" value="b8e7b6dfc4cea970a8b3d07592f56a6c"/>
         <property name="seleniumVersion" value="3.141.59"/>
         <property name="proxyInformation" value="ProxyInformation { proxyOption=NO_PROXY, proxyServerType=HTTP, username=, password=********, proxyServerAddress=, proxyServerPort=0, executionList=&quot;&quot;, isApplyToDesiredCapabilities=true }"/>
         <property name="platform" value="Windows 10"/>
      </properties>
      <testcase name="Test Cases/Data Type/Sign-Up-Account" time="13.953" classname="Test Cases/Data Type/Sign-Up-Account" status="PASSED">
         <system-out><![CDATA[2021-05-28 11:31:44 - [TEST_CASE][PASSED] - Test Cases/Data Type/Sign-Up-Account: Test Cases/Data Type/Sign-Up-Account

2021-05-28 11:31:45 - [TEST_STEP][PASSED] - openBrowser(""): Browser is opened with url: ''

2021-05-28 11:31:45 - [MESSAGE][INFO] - Starting 'Chrome' driver

2021-05-28 11:31:45 - [MESSAGE][INFO] - Action delay is set to 0 milliseconds

2021-05-28 11:31:47 - [MESSAGE][PASSED] - Browser is opened with url: ''

2021-05-28 11:31:47 - [TEST_STEP][PASSED] - navigateToUrl("https://mattermost-autotest.herokuapp.com/signup_email?id=bjz71s5p83g3ix13eth98bo7aw&fbclid=IwAR3R54HjPAKlm9IYu5u0ofSi_RT75MYITTGlO-0rb3RAByX4NuwHUiV51W8"): Navigate to 'https://mattermost-autotest.herokuapp.com/signup_email?id=bjz71s5p83g3ix13eth98bo7aw&fbclid=IwAR3R54HjPAKlm9IYu5u0ofSi_RT75MYITTGlO-0rb3RAByX4NuwHUiV51W8' successfully

2021-05-28 11:31:50 - [MESSAGE][PASSED] - Navigate to 'https://mattermost-autotest.herokuapp.com/signup_email?id=bjz71s5p83g3ix13eth98bo7aw&fbclid=IwAR3R54HjPAKlm9IYu5u0ofSi_RT75MYITTGlO-0rb3RAByX4NuwHUiV51W8' successfully

2021-05-28 11:31:50 - [TEST_STEP][PASSED] - setText(findTestObject("Object Repository/Page_Mattermost/Page_Mattermost/input_concat(What, , s your email address)_email"), EmailAddress): Text 'danguyen811999@gmail.com' is set on object 'Object Repository/Page_Mattermost/Page_Mattermost/input_concat(What, , s your email address)_email'

2021-05-28 11:31:56 - [MESSAGE][PASSED] - Text 'danguyen811999@gmail.com' is set on object 'Object Repository/Page_Mattermost/Page_Mattermost/input_concat(What, , s your email address)_email'

2021-05-28 11:31:56 - [TEST_STEP][PASSED] - setText(findTestObject("Object Repository/Page_Mattermost/Page_Mattermost/input_Choose your username_name"), Username): Text 'Uyen' is set on object 'Object Repository/Page_Mattermost/Page_Mattermost/input_Choose your username_name'

2021-05-28 11:31:57 - [MESSAGE][PASSED] - Text 'Uyen' is set on object 'Object Repository/Page_Mattermost/Page_Mattermost/input_Choose your username_name'

2021-05-28 11:31:57 - [TEST_STEP][PASSED] - setEncryptedText(findTestObject("Object Repository/Page_Mattermost/Page_Mattermost/input_Choose your password_password"), Password): Text ****** has been set on object 'Object Repository/Page_Mattermost/Page_Mattermost/input_Choose your password_password'

2021-05-28 11:31:58 - [MESSAGE][PASSED] - Text ****** has been set on object 'Object Repository/Page_Mattermost/Page_Mattermost/input_Choose your password_password'

2021-05-28 11:31:58 - [TEST_STEP][PASSED] - click(findTestObject("Object Repository/Page_Mattermost/Page_Mattermost/span_Create Account")): Object: 'Object Repository/Page_Mattermost/Page_Mattermost/span_Create Account' is clicked on

2021-05-28 11:31:58 - [MESSAGE][PASSED] - Object: 'Object Repository/Page_Mattermost/Page_Mattermost/span_Create Account' is clicked on]]></system-out>
         <system-err><![CDATA[]]></system-err>
      </testcase>
      <testcase name="Test Cases/Data Type/Sign-Up-Account" time="13.023" classname="Test Cases/Data Type/Sign-Up-Account" status="PASSED">
         <system-out><![CDATA[2021-05-28 11:31:58 - [TEST_CASE][PASSED] - Test Cases/Data Type/Sign-Up-Account: Test Cases/Data Type/Sign-Up-Account

2021-05-28 11:31:58 - [TEST_STEP][PASSED] - openBrowser(""): Browser is opened with url: ''

2021-05-28 11:31:58 - [MESSAGE][WARNING] - A browser is already opened. Closing browser and opening a new one

2021-05-28 11:31:59 - [MESSAGE][INFO] - Starting 'Chrome' driver

2021-05-28 11:31:59 - [MESSAGE][INFO] - Action delay is set to 0 milliseconds

2021-05-28 11:32:00 - [MESSAGE][PASSED] - Browser is opened with url: ''

2021-05-28 11:32:00 - [TEST_STEP][PASSED] - navigateToUrl("https://mattermost-autotest.herokuapp.com/signup_email?id=bjz71s5p83g3ix13eth98bo7aw&fbclid=IwAR3R54HjPAKlm9IYu5u0ofSi_RT75MYITTGlO-0rb3RAByX4NuwHUiV51W8"): Navigate to 'https://mattermost-autotest.herokuapp.com/signup_email?id=bjz71s5p83g3ix13eth98bo7aw&fbclid=IwAR3R54HjPAKlm9IYu5u0ofSi_RT75MYITTGlO-0rb3RAByX4NuwHUiV51W8' successfully

2021-05-28 11:32:03 - [MESSAGE][PASSED] - Navigate to 'https://mattermost-autotest.herokuapp.com/signup_email?id=bjz71s5p83g3ix13eth98bo7aw&fbclid=IwAR3R54HjPAKlm9IYu5u0ofSi_RT75MYITTGlO-0rb3RAByX4NuwHUiV51W8' successfully

2021-05-28 11:32:03 - [TEST_STEP][PASSED] - setText(findTestObject("Object Repository/Page_Mattermost/Page_Mattermost/input_concat(What, , s your email address)_email"), EmailAddress): Text 'danguyen0801@gmail.com' is set on object 'Object Repository/Page_Mattermost/Page_Mattermost/input_concat(What, , s your email address)_email'

2021-05-28 11:32:10 - [MESSAGE][PASSED] - Text 'danguyen0801@gmail.com' is set on object 'Object Repository/Page_Mattermost/Page_Mattermost/input_concat(What, , s your email address)_email'

2021-05-28 11:32:10 - [TEST_STEP][PASSED] - setText(findTestObject("Object Repository/Page_Mattermost/Page_Mattermost/input_Choose your username_name"), Username): Text 'DangUyen' is set on object 'Object Repository/Page_Mattermost/Page_Mattermost/input_Choose your username_name'

2021-05-28 11:32:10 - [MESSAGE][PASSED] - Text 'DangUyen' is set on object 'Object Repository/Page_Mattermost/Page_Mattermost/input_Choose your username_name'

2021-05-28 11:32:10 - [TEST_STEP][PASSED] - setEncryptedText(findTestObject("Object Repository/Page_Mattermost/Page_Mattermost/input_Choose your password_password"), Password): Text ****** has been set on object 'Object Repository/Page_Mattermost/Page_Mattermost/input_Choose your password_password'

2021-05-28 11:32:11 - [MESSAGE][PASSED] - Text ****** has been set on object 'Object Repository/Page_Mattermost/Page_Mattermost/input_Choose your password_password'

2021-05-28 11:32:11 - [TEST_STEP][PASSED] - click(findTestObject("Object Repository/Page_Mattermost/Page_Mattermost/span_Create Account")): Object: 'Object Repository/Page_Mattermost/Page_Mattermost/span_Create Account' is clicked on

2021-05-28 11:32:11 - [MESSAGE][PASSED] - Object: 'Object Repository/Page_Mattermost/Page_Mattermost/span_Create Account' is clicked on]]></system-out>
         <system-err><![CDATA[]]></system-err>
      </testcase>
      <testcase name="Test Cases/Data Type/Sign-Up-Account" time="13.599" classname="Test Cases/Data Type/Sign-Up-Account" status="PASSED">
         <system-out><![CDATA[2021-05-28 11:32:11 - [TEST_CASE][PASSED] - Test Cases/Data Type/Sign-Up-Account: Test Cases/Data Type/Sign-Up-Account

2021-05-28 11:32:11 - [TEST_STEP][PASSED] - openBrowser(""): Browser is opened with url: ''

2021-05-28 11:32:11 - [MESSAGE][WARNING] - A browser is already opened. Closing browser and opening a new one

2021-05-28 11:32:12 - [MESSAGE][INFO] - Starting 'Chrome' driver

2021-05-28 11:32:12 - [MESSAGE][INFO] - Action delay is set to 0 milliseconds

2021-05-28 11:32:13 - [MESSAGE][PASSED] - Browser is opened with url: ''

2021-05-28 11:32:13 - [TEST_STEP][PASSED] - navigateToUrl("https://mattermost-autotest.herokuapp.com/signup_email?id=bjz71s5p83g3ix13eth98bo7aw&fbclid=IwAR3R54HjPAKlm9IYu5u0ofSi_RT75MYITTGlO-0rb3RAByX4NuwHUiV51W8"): Navigate to 'https://mattermost-autotest.herokuapp.com/signup_email?id=bjz71s5p83g3ix13eth98bo7aw&fbclid=IwAR3R54HjPAKlm9IYu5u0ofSi_RT75MYITTGlO-0rb3RAByX4NuwHUiV51W8' successfully

2021-05-28 11:32:17 - [MESSAGE][PASSED] - Navigate to 'https://mattermost-autotest.herokuapp.com/signup_email?id=bjz71s5p83g3ix13eth98bo7aw&fbclid=IwAR3R54HjPAKlm9IYu5u0ofSi_RT75MYITTGlO-0rb3RAByX4NuwHUiV51W8' successfully

2021-05-28 11:32:17 - [TEST_STEP][PASSED] - setText(findTestObject("Object Repository/Page_Mattermost/Page_Mattermost/input_concat(What, , s your email address)_email"), EmailAddress): Text 'voanhduyen0604@gmail.com' is set on object 'Object Repository/Page_Mattermost/Page_Mattermost/input_concat(What, , s your email address)_email'

2021-05-28 11:32:23 - [MESSAGE][PASSED] - Text 'voanhduyen0604@gmail.com' is set on object 'Object Repository/Page_Mattermost/Page_Mattermost/input_concat(What, , s your email address)_email'

2021-05-28 11:32:23 - [TEST_STEP][PASSED] - setText(findTestObject("Object Repository/Page_Mattermost/Page_Mattermost/input_Choose your username_name"), Username): Text 'testing1' is set on object 'Object Repository/Page_Mattermost/Page_Mattermost/input_Choose your username_name'

2021-05-28 11:32:24 - [MESSAGE][PASSED] - Text 'testing1' is set on object 'Object Repository/Page_Mattermost/Page_Mattermost/input_Choose your username_name'

2021-05-28 11:32:24 - [TEST_STEP][PASSED] - setEncryptedText(findTestObject("Object Repository/Page_Mattermost/Page_Mattermost/input_Choose your password_password"), Password): Text ****** has been set on object 'Object Repository/Page_Mattermost/Page_Mattermost/input_Choose your password_password'

2021-05-28 11:32:24 - [MESSAGE][PASSED] - Text ****** has been set on object 'Object Repository/Page_Mattermost/Page_Mattermost/input_Choose your password_password'

2021-05-28 11:32:24 - [TEST_STEP][PASSED] - click(findTestObject("Object Repository/Page_Mattermost/Page_Mattermost/span_Create Account")): Object: 'Object Repository/Page_Mattermost/Page_Mattermost/span_Create Account' is clicked on

2021-05-28 11:32:25 - [MESSAGE][PASSED] - Object: 'Object Repository/Page_Mattermost/Page_Mattermost/span_Create Account' is clicked on]]></system-out>
         <system-err><![CDATA[]]></system-err>
      </testcase>
      <testcase name="Test Cases/Data Type/Sign-Up-Account" time="13.578" classname="Test Cases/Data Type/Sign-Up-Account" status="PASSED">
         <system-out><![CDATA[2021-05-28 11:32:25 - [TEST_CASE][PASSED] - Test Cases/Data Type/Sign-Up-Account: Test Cases/Data Type/Sign-Up-Account

2021-05-28 11:32:25 - [TEST_STEP][PASSED] - openBrowser(""): Browser is opened with url: ''

2021-05-28 11:32:25 - [MESSAGE][WARNING] - A browser is already opened. Closing browser and opening a new one

2021-05-28 11:32:26 - [MESSAGE][INFO] - Starting 'Chrome' driver

2021-05-28 11:32:26 - [MESSAGE][INFO] - Action delay is set to 0 milliseconds

2021-05-28 11:32:27 - [MESSAGE][PASSED] - Browser is opened with url: ''

2021-05-28 11:32:27 - [TEST_STEP][PASSED] - navigateToUrl("https://mattermost-autotest.herokuapp.com/signup_email?id=bjz71s5p83g3ix13eth98bo7aw&fbclid=IwAR3R54HjPAKlm9IYu5u0ofSi_RT75MYITTGlO-0rb3RAByX4NuwHUiV51W8"): Navigate to 'https://mattermost-autotest.herokuapp.com/signup_email?id=bjz71s5p83g3ix13eth98bo7aw&fbclid=IwAR3R54HjPAKlm9IYu5u0ofSi_RT75MYITTGlO-0rb3RAByX4NuwHUiV51W8' successfully

2021-05-28 11:32:30 - [MESSAGE][PASSED] - Navigate to 'https://mattermost-autotest.herokuapp.com/signup_email?id=bjz71s5p83g3ix13eth98bo7aw&fbclid=IwAR3R54HjPAKlm9IYu5u0ofSi_RT75MYITTGlO-0rb3RAByX4NuwHUiV51W8' successfully

2021-05-28 11:32:30 - [TEST_STEP][PASSED] - setText(findTestObject("Object Repository/Page_Mattermost/Page_Mattermost/input_concat(What, , s your email address)_email"), EmailAddress): Text 'uyenuyen8134@gmail.com' is set on object 'Object Repository/Page_Mattermost/Page_Mattermost/input_concat(What, , s your email address)_email'

2021-05-28 11:32:37 - [MESSAGE][PASSED] - Text 'uyenuyen8134@gmail.com' is set on object 'Object Repository/Page_Mattermost/Page_Mattermost/input_concat(What, , s your email address)_email'

2021-05-28 11:32:37 - [TEST_STEP][PASSED] - setText(findTestObject("Object Repository/Page_Mattermost/Page_Mattermost/input_Choose your username_name"), Username): Text 'testing2' is set on object 'Object Repository/Page_Mattermost/Page_Mattermost/input_Choose your username_name'

2021-05-28 11:32:38 - [MESSAGE][PASSED] - Text 'testing2' is set on object 'Object Repository/Page_Mattermost/Page_Mattermost/input_Choose your username_name'

2021-05-28 11:32:38 - [TEST_STEP][PASSED] - setEncryptedText(findTestObject("Object Repository/Page_Mattermost/Page_Mattermost/input_Choose your password_password"), Password): Text ****** has been set on object 'Object Repository/Page_Mattermost/Page_Mattermost/input_Choose your password_password'

2021-05-28 11:32:38 - [MESSAGE][PASSED] - Text ****** has been set on object 'Object Repository/Page_Mattermost/Page_Mattermost/input_Choose your password_password'

2021-05-28 11:32:38 - [TEST_STEP][PASSED] - click(findTestObject("Object Repository/Page_Mattermost/Page_Mattermost/span_Create Account")): Object: 'Object Repository/Page_Mattermost/Page_Mattermost/span_Create Account' is clicked on

2021-05-28 11:32:38 - [MESSAGE][PASSED] - Object: 'Object Repository/Page_Mattermost/Page_Mattermost/span_Create Account' is clicked on]]></system-out>
         <system-err><![CDATA[]]></system-err>
      </testcase>
      <testcase name="Test Cases/Data Type/Sign-Up-Account" time="13.199" classname="Test Cases/Data Type/Sign-Up-Account" status="PASSED">
         <system-out><![CDATA[2021-05-28 11:32:38 - [TEST_CASE][PASSED] - Test Cases/Data Type/Sign-Up-Account: Test Cases/Data Type/Sign-Up-Account

2021-05-28 11:32:38 - [TEST_STEP][PASSED] - openBrowser(""): Browser is opened with url: ''

2021-05-28 11:32:38 - [MESSAGE][WARNING] - A browser is already opened. Closing browser and opening a new one

2021-05-28 11:32:39 - [MESSAGE][INFO] - Starting 'Chrome' driver

2021-05-28 11:32:39 - [MESSAGE][INFO] - Action delay is set to 0 milliseconds

2021-05-28 11:32:40 - [MESSAGE][PASSED] - Browser is opened with url: ''

2021-05-28 11:32:40 - [TEST_STEP][PASSED] - navigateToUrl("https://mattermost-autotest.herokuapp.com/signup_email?id=bjz71s5p83g3ix13eth98bo7aw&fbclid=IwAR3R54HjPAKlm9IYu5u0ofSi_RT75MYITTGlO-0rb3RAByX4NuwHUiV51W8"): Navigate to 'https://mattermost-autotest.herokuapp.com/signup_email?id=bjz71s5p83g3ix13eth98bo7aw&fbclid=IwAR3R54HjPAKlm9IYu5u0ofSi_RT75MYITTGlO-0rb3RAByX4NuwHUiV51W8' successfully

2021-05-28 11:32:44 - [MESSAGE][PASSED] - Navigate to 'https://mattermost-autotest.herokuapp.com/signup_email?id=bjz71s5p83g3ix13eth98bo7aw&fbclid=IwAR3R54HjPAKlm9IYu5u0ofSi_RT75MYITTGlO-0rb3RAByX4NuwHUiV51W8' successfully

2021-05-28 11:32:44 - [TEST_STEP][PASSED] - setText(findTestObject("Object Repository/Page_Mattermost/Page_Mattermost/input_concat(What, , s your email address)_email"), EmailAddress): Text 'uchihakhacthuan@gmail.com' is set on object 'Object Repository/Page_Mattermost/Page_Mattermost/input_concat(What, , s your email address)_email'

2021-05-28 11:32:50 - [MESSAGE][PASSED] - Text 'uchihakhacthuan@gmail.com' is set on object 'Object Repository/Page_Mattermost/Page_Mattermost/input_concat(What, , s your email address)_email'

2021-05-28 11:32:50 - [TEST_STEP][PASSED] - setText(findTestObject("Object Repository/Page_Mattermost/Page_Mattermost/input_Choose your username_name"), Username): Text 'testing3' is set on object 'Object Repository/Page_Mattermost/Page_Mattermost/input_Choose your username_name'

2021-05-28 11:32:51 - [MESSAGE][PASSED] - Text 'testing3' is set on object 'Object Repository/Page_Mattermost/Page_Mattermost/input_Choose your username_name'

2021-05-28 11:32:51 - [TEST_STEP][PASSED] - setEncryptedText(findTestObject("Object Repository/Page_Mattermost/Page_Mattermost/input_Choose your password_password"), Password): Text ****** has been set on object 'Object Repository/Page_Mattermost/Page_Mattermost/input_Choose your password_password'

2021-05-28 11:32:51 - [MESSAGE][PASSED] - Text ****** has been set on object 'Object Repository/Page_Mattermost/Page_Mattermost/input_Choose your password_password'

2021-05-28 11:32:51 - [TEST_STEP][PASSED] - click(findTestObject("Object Repository/Page_Mattermost/Page_Mattermost/span_Create Account")): Object: 'Object Repository/Page_Mattermost/Page_Mattermost/span_Create Account' is clicked on

2021-05-28 11:32:52 - [MESSAGE][PASSED] - Object: 'Object Repository/Page_Mattermost/Page_Mattermost/span_Create Account' is clicked on]]></system-out>
         <system-err><![CDATA[]]></system-err>
      </testcase>
      <testcase name="Test Cases/Data Type/Sign-Up-Account" time="12.57" classname="Test Cases/Data Type/Sign-Up-Account" status="PASSED">
         <system-out><![CDATA[2021-05-28 11:32:52 - [TEST_CASE][PASSED] - Test Cases/Data Type/Sign-Up-Account: Test Cases/Data Type/Sign-Up-Account

2021-05-28 11:32:52 - [TEST_STEP][PASSED] - openBrowser(""): Browser is opened with url: ''

2021-05-28 11:32:52 - [MESSAGE][WARNING] - A browser is already opened. Closing browser and opening a new one

2021-05-28 11:32:52 - [MESSAGE][INFO] - Starting 'Chrome' driver

2021-05-28 11:32:52 - [MESSAGE][INFO] - Action delay is set to 0 milliseconds

2021-05-28 11:32:54 - [MESSAGE][PASSED] - Browser is opened with url: ''

2021-05-28 11:32:54 - [TEST_STEP][PASSED] - navigateToUrl("https://mattermost-autotest.herokuapp.com/signup_email?id=bjz71s5p83g3ix13eth98bo7aw&fbclid=IwAR3R54HjPAKlm9IYu5u0ofSi_RT75MYITTGlO-0rb3RAByX4NuwHUiV51W8"): Navigate to 'https://mattermost-autotest.herokuapp.com/signup_email?id=bjz71s5p83g3ix13eth98bo7aw&fbclid=IwAR3R54HjPAKlm9IYu5u0ofSi_RT75MYITTGlO-0rb3RAByX4NuwHUiV51W8' successfully

2021-05-28 11:32:57 - [MESSAGE][PASSED] - Navigate to 'https://mattermost-autotest.herokuapp.com/signup_email?id=bjz71s5p83g3ix13eth98bo7aw&fbclid=IwAR3R54HjPAKlm9IYu5u0ofSi_RT75MYITTGlO-0rb3RAByX4NuwHUiV51W8' successfully

2021-05-28 11:32:57 - [TEST_STEP][PASSED] - setText(findTestObject("Object Repository/Page_Mattermost/Page_Mattermost/input_concat(What, , s your email address)_email"), EmailAddress): Text 'vophong1612@gmail.com' is set on object 'Object Repository/Page_Mattermost/Page_Mattermost/input_concat(What, , s your email address)_email'

2021-05-28 11:33:03 - [MESSAGE][PASSED] - Text 'vophong1612@gmail.com' is set on object 'Object Repository/Page_Mattermost/Page_Mattermost/input_concat(What, , s your email address)_email'

2021-05-28 11:33:03 - [TEST_STEP][PASSED] - setText(findTestObject("Object Repository/Page_Mattermost/Page_Mattermost/input_Choose your username_name"), Username): Text 'Vo_Thanh_Phong' is set on object 'Object Repository/Page_Mattermost/Page_Mattermost/input_Choose your username_name'

2021-05-28 11:33:03 - [MESSAGE][PASSED] - Text 'Vo_Thanh_Phong' is set on object 'Object Repository/Page_Mattermost/Page_Mattermost/input_Choose your username_name'

2021-05-28 11:33:03 - [TEST_STEP][PASSED] - setEncryptedText(findTestObject("Object Repository/Page_Mattermost/Page_Mattermost/input_Choose your password_password"), Password): Text ****** has been set on object 'Object Repository/Page_Mattermost/Page_Mattermost/input_Choose your password_password'

2021-05-28 11:33:04 - [MESSAGE][PASSED] - Text ****** has been set on object 'Object Repository/Page_Mattermost/Page_Mattermost/input_Choose your password_password'

2021-05-28 11:33:04 - [TEST_STEP][PASSED] - click(findTestObject("Object Repository/Page_Mattermost/Page_Mattermost/span_Create Account")): Object: 'Object Repository/Page_Mattermost/Page_Mattermost/span_Create Account' is clicked on

2021-05-28 11:33:04 - [MESSAGE][PASSED] - Object: 'Object Repository/Page_Mattermost/Page_Mattermost/span_Create Account' is clicked on]]></system-out>
         <system-err><![CDATA[]]></system-err>
      </testcase>
      <testcase name="Test Cases/Data Type/Sign-Up-Account" time="13.245" classname="Test Cases/Data Type/Sign-Up-Account" status="PASSED">
         <system-out><![CDATA[2021-05-28 11:33:04 - [TEST_CASE][PASSED] - Test Cases/Data Type/Sign-Up-Account: Test Cases/Data Type/Sign-Up-Account

2021-05-28 11:33:04 - [TEST_STEP][PASSED] - openBrowser(""): Browser is opened with url: ''

2021-05-28 11:33:04 - [MESSAGE][WARNING] - A browser is already opened. Closing browser and opening a new one

2021-05-28 11:33:06 - [MESSAGE][INFO] - Starting 'Chrome' driver

2021-05-28 11:33:06 - [MESSAGE][INFO] - Action delay is set to 0 milliseconds

2021-05-28 11:33:07 - [MESSAGE][PASSED] - Browser is opened with url: ''

2021-05-28 11:33:07 - [TEST_STEP][PASSED] - navigateToUrl("https://mattermost-autotest.herokuapp.com/signup_email?id=bjz71s5p83g3ix13eth98bo7aw&fbclid=IwAR3R54HjPAKlm9IYu5u0ofSi_RT75MYITTGlO-0rb3RAByX4NuwHUiV51W8"): Navigate to 'https://mattermost-autotest.herokuapp.com/signup_email?id=bjz71s5p83g3ix13eth98bo7aw&fbclid=IwAR3R54HjPAKlm9IYu5u0ofSi_RT75MYITTGlO-0rb3RAByX4NuwHUiV51W8' successfully

2021-05-28 11:33:11 - [MESSAGE][PASSED] - Navigate to 'https://mattermost-autotest.herokuapp.com/signup_email?id=bjz71s5p83g3ix13eth98bo7aw&fbclid=IwAR3R54HjPAKlm9IYu5u0ofSi_RT75MYITTGlO-0rb3RAByX4NuwHUiV51W8' successfully

2021-05-28 11:33:11 - [TEST_STEP][PASSED] - setText(findTestObject("Object Repository/Page_Mattermost/Page_Mattermost/input_concat(What, , s your email address)_email"), EmailAddress): Text 'mattermost2905@gmail.com' is set on object 'Object Repository/Page_Mattermost/Page_Mattermost/input_concat(What, , s your email address)_email'

2021-05-28 11:33:16 - [MESSAGE][PASSED] - Text 'mattermost2905@gmail.com' is set on object 'Object Repository/Page_Mattermost/Page_Mattermost/input_concat(What, , s your email address)_email'

2021-05-28 11:33:16 - [TEST_STEP][PASSED] - setText(findTestObject("Object Repository/Page_Mattermost/Page_Mattermost/input_Choose your username_name"), Username): Text 'mattermost' is set on object 'Object Repository/Page_Mattermost/Page_Mattermost/input_Choose your username_name'

2021-05-28 11:33:17 - [MESSAGE][PASSED] - Text 'mattermost' is set on object 'Object Repository/Page_Mattermost/Page_Mattermost/input_Choose your username_name'

2021-05-28 11:33:17 - [TEST_STEP][PASSED] - setEncryptedText(findTestObject("Object Repository/Page_Mattermost/Page_Mattermost/input_Choose your password_password"), Password): Text ****** has been set on object 'Object Repository/Page_Mattermost/Page_Mattermost/input_Choose your password_password'

2021-05-28 11:33:17 - [MESSAGE][PASSED] - Text ****** has been set on object 'Object Repository/Page_Mattermost/Page_Mattermost/input_Choose your password_password'

2021-05-28 11:33:17 - [TEST_STEP][PASSED] - click(findTestObject("Object Repository/Page_Mattermost/Page_Mattermost/span_Create Account")): Object: 'Object Repository/Page_Mattermost/Page_Mattermost/span_Create Account' is clicked on

2021-05-28 11:33:18 - [MESSAGE][PASSED] - Object: 'Object Repository/Page_Mattermost/Page_Mattermost/span_Create Account' is clicked on]]></system-out>
         <system-err><![CDATA[]]></system-err>
      </testcase>
      <system-out><![CDATA[2021-05-28 11:31:43 - [TEST_SUITE][PASSED] - Sign_Up: Test Cases/Data Type/Sign-Up-Account]]></system-out>
      <system-err><![CDATA[]]></system-err>
   </testsuite>
</testsuites>
