<?xml version="1.0" encoding="UTF-8"?>
<testsuites name="Test Suite Data File 7" time="66.839" tests="5" failures="0" errors="0">
   <testsuite name="Test Suite Data File 7" tests="5" failures="0" errors="0" time="66.839" skipped="0" timestamp="2021-05-28 11:22:07" hostname="dell - DESKTOP-I6PT8CN.mshome.net" id="Test Suites/Test Suite Data File 7">
      <properties>
         <property name="deviceName" value=""/>
         <property name="devicePlatform" value=""/>
         <property name="logFolder" value="C:\\Users\\dell\\Katalon Studio\\Mattermost\\Reports\\20210528_112150\\Test Suite Data File 7\\20210528_112151"/>
         <property name="logFiles" value="C:\\Users\\dell\\Katalon Studio\\Mattermost\\Reports\\20210528_112150\\Test Suite Data File 7\\20210528_112151\\execution0.log"/>
         <property name="attachments" value=""/>
         <property name="hostName" value="dell - DESKTOP-I6PT8CN.mshome.net"/>
         <property name="os" value="Windows 10 64bit"/>
         <property name="katalonVersion" value="8.0.0.208"/>
         <property name="browser" value="Chrome 90.0.4430.212"/>
         <property name="hostAddress" value="172.21.96.1"/>
         <property name="sessionId" value="45378146cd5864c44a5ae5c161068c13"/>
         <property name="seleniumVersion" value="3.141.59"/>
         <property name="proxyInformation" value="ProxyInformation { proxyOption=NO_PROXY, proxyServerType=HTTP, username=, password=********, proxyServerAddress=, proxyServerPort=0, executionList=&quot;&quot;, isApplyToDesiredCapabilities=true }"/>
         <property name="platform" value="Windows 10"/>
      </properties>
      <testcase name="Test Cases/Data Type/Sign-In-Account" time="13.619" classname="Test Cases/Data Type/Sign-In-Account" status="PASSED">
         <system-out><![CDATA[2021-05-28 11:22:09 - [TEST_CASE][PASSED] - Test Cases/Data Type/Sign-In-Account: Test Cases/Data Type/Sign-In-Account

2021-05-28 11:22:09 - [TEST_STEP][PASSED] - openBrowser(""): Browser is opened with url: ''

2021-05-28 11:22:09 - [MESSAGE][INFO] - Starting 'Chrome' driver

2021-05-28 11:22:09 - [MESSAGE][INFO] - Action delay is set to 0 milliseconds

2021-05-28 11:22:11 - [MESSAGE][PASSED] - Browser is opened with url: ''

2021-05-28 11:22:11 - [TEST_STEP][PASSED] - navigateToUrl("https://mattermost-autotest.herokuapp.com/login"): Navigate to 'https://mattermost-autotest.herokuapp.com/login' successfully

2021-05-28 11:22:16 - [MESSAGE][PASSED] - Navigate to 'https://mattermost-autotest.herokuapp.com/login' successfully

2021-05-28 11:22:16 - [TEST_STEP][PASSED] - setText(findTestObject("Object Repository/Page_Mattermost/input_All team communication in one place, _dcc84b"), Username): Text 'Uyen' is set on object 'Object Repository/Page_Mattermost/input_All team communication in one place, _dcc84b'

2021-05-28 11:22:20 - [MESSAGE][PASSED] - Text 'Uyen' is set on object 'Object Repository/Page_Mattermost/input_All team communication in one place, _dcc84b'

2021-05-28 11:22:20 - [TEST_STEP][PASSED] - setEncryptedText(findTestObject("Object Repository/Page_Mattermost/input_All team communication in one place, _a3edc6"), Password): Text ****** has been set on object 'Object Repository/Page_Mattermost/input_All team communication in one place, _a3edc6'

2021-05-28 11:22:21 - [MESSAGE][PASSED] - Text ****** has been set on object 'Object Repository/Page_Mattermost/input_All team communication in one place, _a3edc6'

2021-05-28 11:22:21 - [TEST_STEP][PASSED] - click(findTestObject("Object Repository/Page_Mattermost/span_Sign in")): Object: 'Object Repository/Page_Mattermost/span_Sign in' is clicked on

2021-05-28 11:22:21 - [MESSAGE][PASSED] - Object: 'Object Repository/Page_Mattermost/span_Sign in' is clicked on

2021-05-28 11:22:21 - [TEST_STEP][PASSED] - closeBrowser(): Browser is closed

2021-05-28 11:22:22 - [MESSAGE][PASSED] - Browser is closed]]></system-out>
         <system-err><![CDATA[]]></system-err>
      </testcase>
      <testcase name="Test Cases/Data Type/Sign-In-Account" time="11.898" classname="Test Cases/Data Type/Sign-In-Account" status="PASSED">
         <system-out><![CDATA[2021-05-28 11:22:22 - [TEST_CASE][PASSED] - Test Cases/Data Type/Sign-In-Account: Test Cases/Data Type/Sign-In-Account

2021-05-28 11:22:22 - [TEST_STEP][PASSED] - openBrowser(""): Browser is opened with url: ''

2021-05-28 11:22:22 - [MESSAGE][INFO] - Starting 'Chrome' driver

2021-05-28 11:22:22 - [MESSAGE][INFO] - Action delay is set to 0 milliseconds

2021-05-28 11:22:23 - [MESSAGE][PASSED] - Browser is opened with url: ''

2021-05-28 11:22:23 - [TEST_STEP][PASSED] - navigateToUrl("https://mattermost-autotest.herokuapp.com/login"): Navigate to 'https://mattermost-autotest.herokuapp.com/login' successfully

2021-05-28 11:22:27 - [MESSAGE][PASSED] - Navigate to 'https://mattermost-autotest.herokuapp.com/login' successfully

2021-05-28 11:22:27 - [TEST_STEP][PASSED] - setText(findTestObject("Object Repository/Page_Mattermost/input_All team communication in one place, _dcc84b"), Username): Text 'DangUyen' is set on object 'Object Repository/Page_Mattermost/input_All team communication in one place, _dcc84b'

2021-05-28 11:22:32 - [MESSAGE][PASSED] - Text 'DangUyen' is set on object 'Object Repository/Page_Mattermost/input_All team communication in one place, _dcc84b'

2021-05-28 11:22:32 - [TEST_STEP][PASSED] - setEncryptedText(findTestObject("Object Repository/Page_Mattermost/input_All team communication in one place, _a3edc6"), Password): Text ****** has been set on object 'Object Repository/Page_Mattermost/input_All team communication in one place, _a3edc6'

2021-05-28 11:22:33 - [MESSAGE][PASSED] - Text ****** has been set on object 'Object Repository/Page_Mattermost/input_All team communication in one place, _a3edc6'

2021-05-28 11:22:33 - [TEST_STEP][PASSED] - click(findTestObject("Object Repository/Page_Mattermost/span_Sign in")): Object: 'Object Repository/Page_Mattermost/span_Sign in' is clicked on

2021-05-28 11:22:33 - [MESSAGE][PASSED] - Object: 'Object Repository/Page_Mattermost/span_Sign in' is clicked on

2021-05-28 11:22:33 - [TEST_STEP][PASSED] - closeBrowser(): Browser is closed

2021-05-28 11:22:34 - [MESSAGE][PASSED] - Browser is closed]]></system-out>
         <system-err><![CDATA[]]></system-err>
      </testcase>
      <testcase name="Test Cases/Data Type/Sign-In-Account" time="15.976" classname="Test Cases/Data Type/Sign-In-Account" status="PASSED">
         <system-out><![CDATA[2021-05-28 11:22:34 - [TEST_CASE][PASSED] - Test Cases/Data Type/Sign-In-Account: Test Cases/Data Type/Sign-In-Account

2021-05-28 11:22:34 - [TEST_STEP][PASSED] - openBrowser(""): Browser is opened with url: ''

2021-05-28 11:22:34 - [MESSAGE][INFO] - Starting 'Chrome' driver

2021-05-28 11:22:34 - [MESSAGE][INFO] - Action delay is set to 0 milliseconds

2021-05-28 11:22:35 - [MESSAGE][PASSED] - Browser is opened with url: ''

2021-05-28 11:22:35 - [TEST_STEP][PASSED] - navigateToUrl("https://mattermost-autotest.herokuapp.com/login"): Navigate to 'https://mattermost-autotest.herokuapp.com/login' successfully

2021-05-28 11:22:43 - [MESSAGE][PASSED] - Navigate to 'https://mattermost-autotest.herokuapp.com/login' successfully

2021-05-28 11:22:43 - [TEST_STEP][PASSED] - setText(findTestObject("Object Repository/Page_Mattermost/input_All team communication in one place, _dcc84b"), Username): Text 'testing1' is set on object 'Object Repository/Page_Mattermost/input_All team communication in one place, _dcc84b'

2021-05-28 11:22:48 - [MESSAGE][PASSED] - Text 'testing1' is set on object 'Object Repository/Page_Mattermost/input_All team communication in one place, _dcc84b'

2021-05-28 11:22:48 - [TEST_STEP][PASSED] - setEncryptedText(findTestObject("Object Repository/Page_Mattermost/input_All team communication in one place, _a3edc6"), Password): Text ****** has been set on object 'Object Repository/Page_Mattermost/input_All team communication in one place, _a3edc6'

2021-05-28 11:22:49 - [MESSAGE][PASSED] - Text ****** has been set on object 'Object Repository/Page_Mattermost/input_All team communication in one place, _a3edc6'

2021-05-28 11:22:49 - [TEST_STEP][PASSED] - click(findTestObject("Object Repository/Page_Mattermost/span_Sign in")): Object: 'Object Repository/Page_Mattermost/span_Sign in' is clicked on

2021-05-28 11:22:49 - [MESSAGE][PASSED] - Object: 'Object Repository/Page_Mattermost/span_Sign in' is clicked on

2021-05-28 11:22:49 - [TEST_STEP][PASSED] - closeBrowser(): Browser is closed

2021-05-28 11:22:50 - [MESSAGE][PASSED] - Browser is closed]]></system-out>
         <system-err><![CDATA[]]></system-err>
      </testcase>
      <testcase name="Test Cases/Data Type/Sign-In-Account" time="11.861" classname="Test Cases/Data Type/Sign-In-Account" status="PASSED">
         <system-out><![CDATA[2021-05-28 11:22:50 - [TEST_CASE][PASSED] - Test Cases/Data Type/Sign-In-Account: Test Cases/Data Type/Sign-In-Account

2021-05-28 11:22:50 - [TEST_STEP][PASSED] - openBrowser(""): Browser is opened with url: ''

2021-05-28 11:22:50 - [MESSAGE][INFO] - Starting 'Chrome' driver

2021-05-28 11:22:50 - [MESSAGE][INFO] - Action delay is set to 0 milliseconds

2021-05-28 11:22:51 - [MESSAGE][PASSED] - Browser is opened with url: ''

2021-05-28 11:22:51 - [TEST_STEP][PASSED] - navigateToUrl("https://mattermost-autotest.herokuapp.com/login"): Navigate to 'https://mattermost-autotest.herokuapp.com/login' successfully

2021-05-28 11:22:55 - [MESSAGE][PASSED] - Navigate to 'https://mattermost-autotest.herokuapp.com/login' successfully

2021-05-28 11:22:55 - [TEST_STEP][PASSED] - setText(findTestObject("Object Repository/Page_Mattermost/input_All team communication in one place, _dcc84b"), Username): Text 'testing2' is set on object 'Object Repository/Page_Mattermost/input_All team communication in one place, _dcc84b'

2021-05-28 11:23:00 - [MESSAGE][PASSED] - Text 'testing2' is set on object 'Object Repository/Page_Mattermost/input_All team communication in one place, _dcc84b'

2021-05-28 11:23:00 - [TEST_STEP][PASSED] - setEncryptedText(findTestObject("Object Repository/Page_Mattermost/input_All team communication in one place, _a3edc6"), Password): Text ****** has been set on object 'Object Repository/Page_Mattermost/input_All team communication in one place, _a3edc6'

2021-05-28 11:23:01 - [MESSAGE][PASSED] - Text ****** has been set on object 'Object Repository/Page_Mattermost/input_All team communication in one place, _a3edc6'

2021-05-28 11:23:01 - [TEST_STEP][PASSED] - click(findTestObject("Object Repository/Page_Mattermost/span_Sign in")): Object: 'Object Repository/Page_Mattermost/span_Sign in' is clicked on

2021-05-28 11:23:01 - [MESSAGE][PASSED] - Object: 'Object Repository/Page_Mattermost/span_Sign in' is clicked on

2021-05-28 11:23:01 - [TEST_STEP][PASSED] - closeBrowser(): Browser is closed

2021-05-28 11:23:02 - [MESSAGE][PASSED] - Browser is closed]]></system-out>
         <system-err><![CDATA[]]></system-err>
      </testcase>
      <testcase name="Test Cases/Data Type/Sign-In-Account" time="11.853" classname="Test Cases/Data Type/Sign-In-Account" status="PASSED">
         <system-out><![CDATA[2021-05-28 11:23:02 - [TEST_CASE][PASSED] - Test Cases/Data Type/Sign-In-Account: Test Cases/Data Type/Sign-In-Account

2021-05-28 11:23:02 - [TEST_STEP][PASSED] - openBrowser(""): Browser is opened with url: ''

2021-05-28 11:23:02 - [MESSAGE][INFO] - Starting 'Chrome' driver

2021-05-28 11:23:02 - [MESSAGE][INFO] - Action delay is set to 0 milliseconds

2021-05-28 11:23:03 - [MESSAGE][PASSED] - Browser is opened with url: ''

2021-05-28 11:23:03 - [TEST_STEP][PASSED] - navigateToUrl("https://mattermost-autotest.herokuapp.com/login"): Navigate to 'https://mattermost-autotest.herokuapp.com/login' successfully

2021-05-28 11:23:07 - [MESSAGE][PASSED] - Navigate to 'https://mattermost-autotest.herokuapp.com/login' successfully

2021-05-28 11:23:07 - [TEST_STEP][PASSED] - setText(findTestObject("Object Repository/Page_Mattermost/input_All team communication in one place, _dcc84b"), Username): Text 'testing3' is set on object 'Object Repository/Page_Mattermost/input_All team communication in one place, _dcc84b'

2021-05-28 11:23:12 - [MESSAGE][PASSED] - Text 'testing3' is set on object 'Object Repository/Page_Mattermost/input_All team communication in one place, _dcc84b'

2021-05-28 11:23:12 - [TEST_STEP][PASSED] - setEncryptedText(findTestObject("Object Repository/Page_Mattermost/input_All team communication in one place, _a3edc6"), Password): Text ****** has been set on object 'Object Repository/Page_Mattermost/input_All team communication in one place, _a3edc6'

2021-05-28 11:23:13 - [MESSAGE][PASSED] - Text ****** has been set on object 'Object Repository/Page_Mattermost/input_All team communication in one place, _a3edc6'

2021-05-28 11:23:13 - [TEST_STEP][PASSED] - click(findTestObject("Object Repository/Page_Mattermost/span_Sign in")): Object: 'Object Repository/Page_Mattermost/span_Sign in' is clicked on

2021-05-28 11:23:13 - [MESSAGE][PASSED] - Object: 'Object Repository/Page_Mattermost/span_Sign in' is clicked on

2021-05-28 11:23:13 - [TEST_STEP][PASSED] - closeBrowser(): Browser is closed

2021-05-28 11:23:14 - [MESSAGE][PASSED] - Browser is closed]]></system-out>
         <system-err><![CDATA[]]></system-err>
      </testcase>
      <system-out><![CDATA[2021-05-28 11:22:07 - [TEST_SUITE][PASSED] - Test Suite Data File 7: Test Cases/Data Type/Sign-In-Account]]></system-out>
      <system-err><![CDATA[]]></system-err>
   </testsuite>
</testsuites>
